<?xml version="1.0" encoding="UTF-8"?>
<!-- Generated by org.testng.reporters.JUnitXMLReporter -->
<testsuite ignored="0" hostname="DESKTOP-G3E20IF" failures="3" tests="3" name="Test1" time="11.921" errors="0" timestamp="2021-11-15T13:54:28 GMT">
  <testcase classname="io.cucumber.testng.AbstractTestNGCucumberTests" name="runScenario" time="7.522">
    <failure type="java.lang.NullPointerException" message="Cannot invoke &amp;quot;org.apache.log4j.Logger.info(Object)&amp;quot; because &amp;quot;pages.actions.HomePageActions.LOGGER&amp;quot; is null">
      <![CDATA[java.lang.NullPointerException: Cannot invoke "org.apache.log4j.Logger.info(Object)" because "pages.actions.HomePageActions.LOGGER" is null
at pages.actions.HomePageActions.clickAllToursSubMenuButton(HomePageActions.java:30)
at parallel.AllToursSteps.i_click_on_all_tours_menu_link(AllToursSteps.java:32)
at ✽.I click on All Tours menu link(file:///C:/Users/sharo/eclipse-workspace/DevOpsDocker/src/test/resources/FeatureFiles/Suite2/AllTours.feature:26)
]]>
    </failure>
  </testcase> <!-- runScenario -->
  <testcase classname="io.cucumber.testng.AbstractTestNGCucumberTests" name="runScenario" time="7.875">
    <failure type="java.lang.NullPointerException" message="Cannot invoke &amp;quot;org.apache.log4j.Logger.info(Object)&amp;quot; because &amp;quot;pages.actions.HomePageActions.LOGGER&amp;quot; is null">
      <![CDATA[java.lang.NullPointerException: Cannot invoke "org.apache.log4j.Logger.info(Object)" because "pages.actions.HomePageActions.LOGGER" is null
at pages.actions.HomePageActions.clickAllToursSubMenuButton(HomePageActions.java:30)
at parallel.AllToursSteps.i_click_on_all_tours_menu_link(AllToursSteps.java:32)
at ✽.I click on All Tours menu link(file:///C:/Users/sharo/eclipse-workspace/DevOpsDocker/src/test/resources/FeatureFiles/Suite2/AllTours.feature:38)
]]>
    </failure>
  </testcase> <!-- runScenario -->
  <testcase classname="io.cucumber.testng.AbstractTestNGCucumberTests" name="runScenario" time="8.122">
    <failure type="java.lang.NullPointerException" message="Cannot invoke &amp;quot;org.apache.log4j.Logger.info(Object)&amp;quot; because &amp;quot;pages.actions.HomePageActions.LOGGER&amp;quot; is null">
      <![CDATA[java.lang.NullPointerException: Cannot invoke "org.apache.log4j.Logger.info(Object)" because "pages.actions.HomePageActions.LOGGER" is null
at pages.actions.HomePageActions.clickAllToursSubMenuButton(HomePageActions.java:30)
at parallel.AllToursSteps.i_click_on_all_tours_menu_link(AllToursSteps.java:32)
at ✽.I click on All Tours menu link(file:///C:/Users/sharo/eclipse-workspace/DevOpsDocker/src/test/resources/FeatureFiles/Suite2/AllTours.feature:32)
]]>
    </failure>
  </testcase> <!-- runScenario -->
</testsuite> <!-- Test1 -->
