<?xml version="1.0" encoding="UTF-8"?>
<testng-results ignored="0" total="6" passed="6" failed="0" skipped="0">
  <reporter-output>
  </reporter-output>
  <suite started-at="2021-11-15T13:15:16 GMT" name="Devops (0)" finished-at="2021-11-15T13:15:28 GMT" duration-ms="11911">
    <groups>
      <group name="cucumber">
        <method signature="AbstractTestNGCucumberTests.runScenario(io.cucumber.testng.PickleWrapper, io.cucumber.testng.FeatureWrapper)[pri:0, instance:parallel.ParallelRunTestNG2$PositiveTest@4b14c583]" name="runScenario" class="io.cucumber.testng.AbstractTestNGCucumberTests"/>
      </group> <!-- cucumber -->
    </groups>
    <test started-at="2021-11-15T13:15:16 GMT" name="Test2" finished-at="2021-11-15T13:15:28 GMT" duration-ms="11911">
      <class name="parallel.ParallelRunTestNG2$PositiveTest">
        <test-method is-config="true" signature="setUpClass()[pri:0, instance:parallel.ParallelRunTestNG2$PositiveTest@4b14c583]" started-at="2021-11-15T13:15:16 GMT" name="setUpClass" finished-at="2021-11-15T13:15:16 GMT" duration-ms="23" status="PASS">
          <reporter-output>
          </reporter-output>
        </test-method> <!-- setUpClass -->
        <test-method signature="runScenario(io.cucumber.testng.PickleWrapper, io.cucumber.testng.FeatureWrapper)[pri:0, instance:parallel.ParallelRunTestNG2$PositiveTest@4b14c583]" started-at="2021-11-15T13:15:16 GMT" name="runScenario" description="Runs Cucumber Scenarios" data-provider="scenarios" finished-at="2021-11-15T13:15:27 GMT" duration-ms="11270" status="PASS">
          <params>
            <param index="0">
              <value>
                <![CDATA["All Tours page redirection"]]>
              </value>
            </param>
            <param index="1">
              <value>
                <![CDATA["Optional[Validate All Tours page]"]]>
              </value>
            </param>
          </params>
          <reporter-output>
          </reporter-output>
        </test-method> <!-- runScenario -->
        <test-method signature="runScenario(io.cucumber.testng.PickleWrapper, io.cucumber.testng.FeatureWrapper)[pri:0, instance:parallel.ParallelRunTestNG2$PositiveTest@4b14c583]" started-at="2021-11-15T13:15:16 GMT" name="runScenario" description="Runs Cucumber Scenarios" data-provider="scenarios" finished-at="2021-11-15T13:15:27 GMT" duration-ms="11034" status="PASS">
          <params>
            <param index="0">
              <value>
                <![CDATA["All Tours page redirection"]]>
              </value>
            </param>
            <param index="1">
              <value>
                <![CDATA["Optional[Validate All Tours page]"]]>
              </value>
            </param>
          </params>
          <reporter-output>
          </reporter-output>
        </test-method> <!-- runScenario -->
        <test-method signature="runScenario(io.cucumber.testng.PickleWrapper, io.cucumber.testng.FeatureWrapper)[pri:0, instance:parallel.ParallelRunTestNG2$PositiveTest@4b14c583]" started-at="2021-11-15T13:15:16 GMT" name="runScenario" description="Runs Cucumber Scenarios" data-provider="scenarios" finished-at="2021-11-15T13:15:27 GMT" duration-ms="11079" status="PASS">
          <params>
            <param index="0">
              <value>
                <![CDATA["All Tours page redirection"]]>
              </value>
            </param>
            <param index="1">
              <value>
                <![CDATA["Optional[Validate All Tours page]"]]>
              </value>
            </param>
          </params>
          <reporter-output>
          </reporter-output>
        </test-method> <!-- runScenario -->
        <test-method is-config="true" signature="tearDownClass()[pri:0, instance:parallel.ParallelRunTestNG2$PositiveTest@4b14c583]" started-at="2021-11-15T13:15:27 GMT" name="tearDownClass" finished-at="2021-11-15T13:15:28 GMT" duration-ms="615" status="PASS">
          <reporter-output>
          </reporter-output>
        </test-method> <!-- tearDownClass -->
      </class> <!-- parallel.ParallelRunTestNG2$PositiveTest -->
    </test> <!-- Test2 -->
  </suite> <!-- Devops (0) -->
  <suite started-at="2021-11-15T13:15:04 GMT" name="Devops" finished-at="2021-11-15T13:15:16 GMT" duration-ms="11960">
    <groups>
      <group name="cucumber">
        <method signature="AbstractTestNGCucumberTests.runScenario(io.cucumber.testng.PickleWrapper, io.cucumber.testng.FeatureWrapper)[pri:0, instance:parallel.ParallelRunTestNG1$PositiveTest@12b0404f]" name="runScenario" class="io.cucumber.testng.AbstractTestNGCucumberTests"/>
      </group> <!-- cucumber -->
    </groups>
    <test started-at="2021-11-15T13:15:04 GMT" name="Test1" finished-at="2021-11-15T13:15:16 GMT" duration-ms="11960">
      <class name="parallel.ParallelRunTestNG1$PositiveTest">
        <test-method is-config="true" signature="setUpClass()[pri:0, instance:parallel.ParallelRunTestNG1$PositiveTest@12b0404f]" started-at="2021-11-15T13:15:04 GMT" name="setUpClass" finished-at="2021-11-15T13:15:05 GMT" duration-ms="840" status="PASS">
          <reporter-output>
          </reporter-output>
        </test-method> <!-- setUpClass -->
        <test-method signature="runScenario(io.cucumber.testng.PickleWrapper, io.cucumber.testng.FeatureWrapper)[pri:0, instance:parallel.ParallelRunTestNG1$PositiveTest@12b0404f]" started-at="2021-11-15T13:15:05 GMT" name="runScenario" description="Runs Cucumber Scenarios" data-provider="scenarios" finished-at="2021-11-15T13:15:13 GMT" duration-ms="8044" status="PASS">
          <params>
            <param index="0">
              <value>
                <![CDATA["All Tours page redirection"]]>
              </value>
            </param>
            <param index="1">
              <value>
                <![CDATA["Optional[Validate All Tours page]"]]>
              </value>
            </param>
          </params>
          <reporter-output>
          </reporter-output>
        </test-method> <!-- runScenario -->
        <test-method signature="runScenario(io.cucumber.testng.PickleWrapper, io.cucumber.testng.FeatureWrapper)[pri:0, instance:parallel.ParallelRunTestNG1$PositiveTest@12b0404f]" started-at="2021-11-15T13:15:05 GMT" name="runScenario" description="Runs Cucumber Scenarios" data-provider="scenarios" finished-at="2021-11-15T13:15:13 GMT" duration-ms="8131" status="PASS">
          <params>
            <param index="0">
              <value>
                <![CDATA["All Tours page redirection"]]>
              </value>
            </param>
            <param index="1">
              <value>
                <![CDATA["Optional[Validate All Tours page]"]]>
              </value>
            </param>
          </params>
          <reporter-output>
          </reporter-output>
        </test-method> <!-- runScenario -->
        <test-method signature="runScenario(io.cucumber.testng.PickleWrapper, io.cucumber.testng.FeatureWrapper)[pri:0, instance:parallel.ParallelRunTestNG1$PositiveTest@12b0404f]" started-at="2021-11-15T13:15:05 GMT" name="runScenario" description="Runs Cucumber Scenarios" data-provider="scenarios" finished-at="2021-11-15T13:15:13 GMT" duration-ms="8254" status="PASS">
          <params>
            <param index="0">
              <value>
                <![CDATA["All Tours page redirection"]]>
              </value>
            </param>
            <param index="1">
              <value>
                <![CDATA["Optional[Validate All Tours page]"]]>
              </value>
            </param>
          </params>
          <reporter-output>
          </reporter-output>
        </test-method> <!-- runScenario -->
        <test-method is-config="true" signature="tearDownClass()[pri:0, instance:parallel.ParallelRunTestNG1$PositiveTest@12b0404f]" started-at="2021-11-15T13:15:13 GMT" name="tearDownClass" finished-at="2021-11-15T13:15:16 GMT" duration-ms="2821" status="PASS">
          <reporter-output>
          </reporter-output>
        </test-method> <!-- tearDownClass -->
      </class> <!-- parallel.ParallelRunTestNG1$PositiveTest -->
    </test> <!-- Test1 -->
  </suite> <!-- Devops -->
</testng-results>
